<?xml version="1.0" encoding="UTF-8"?>
<testsuite name="com.cai.helppsy.HelppsyApplicationTests" tests="1" skipped="0" failures="0" errors="0" timestamp="2025-06-19T06:19:25.728Z" hostname="hongmin-uui-MacBookPro.local" time="0.278">
  <properties/>
  <testcase name="contextLoads()" classname="com.cai.helppsy.HelppsyApplicationTests" time="0.278"/>
  <system-out><![CDATA[15:19:23.677 [Test worker] INFO org.springframework.test.context.support.AnnotationConfigContextLoaderUtils -- Could not detect default configuration classes for test class [com.cai.helppsy.HelppsyApplicationTests]: HelppsyApplicationTests does not declare any static, non-private, non-final, nested classes annotated with @Configuration.
15:19:23.728 [Test worker] INFO org.springframework.boot.test.context.SpringBootTestContextBootstrapper -- Found @SpringBootConfiguration com.cai.helppsy.HelppsyApplication for test class com.cai.helppsy.HelppsyApplicationTests

  .   ____          _            __ _ _
 /\\ / ___'_ __ _ _(_)_ __  __ _ \ \ \ \
( ( )\___ | '_ | '_| | '_ \/ _` | \ \ \ \
 \\/  ___)| |_)| | | | | || (_| |  ) ) ) )
  '  |____| .__|_| |_|_| |_\__, | / / / /
 =========|_|==============|___/=/_/_/_/

 :: Spring Boot ::                (v3.4.5)

2025-06-19T15:19:23.903+09:00  INFO 23986 --- [helppsy] [    Test worker] c.cai.helppsy.HelppsyApplicationTests    : Starting HelppsyApplicationTests using Java 17.0.11 with PID 23986 (started by hongminwoo in /Users/hongminwoo/Desktop/my git)
2025-06-19T15:19:23.904+09:00  INFO 23986 --- [helppsy] [    Test worker] c.cai.helppsy.HelppsyApplicationTests    : No active profile set, falling back to 1 default profile: "default"
2025-06-19T15:19:24.175+09:00  INFO 23986 --- [helppsy] [    Test worker] .s.d.r.c.RepositoryConfigurationDelegate : Bootstrapping Spring Data JPA repositories in DEFAULT mode.
2025-06-19T15:19:24.210+09:00  INFO 23986 --- [helppsy] [    Test worker] .s.d.r.c.RepositoryConfigurationDelegate : Finished Spring Data repository scanning in 31 ms. Found 20 JPA repository interfaces.
2025-06-19T15:19:24.405+09:00  INFO 23986 --- [helppsy] [    Test worker] o.hibernate.jpa.internal.util.LogHelper  : HHH000204: Processing PersistenceUnitInfo [name: default]
2025-06-19T15:19:24.430+09:00  INFO 23986 --- [helppsy] [    Test worker] org.hibernate.Version                    : HHH000412: Hibernate ORM core version 6.6.13.Final
2025-06-19T15:19:24.446+09:00  INFO 23986 --- [helppsy] [    Test worker] o.h.c.internal.RegionFactoryInitiator    : HHH000026: Second-level cache disabled
2025-06-19T15:19:24.570+09:00  INFO 23986 --- [helppsy] [    Test worker] o.s.o.j.p.SpringPersistenceUnitInfo      : No LoadTimeWeaver setup: ignoring JPA class transformer
2025-06-19T15:19:24.585+09:00  INFO 23986 --- [helppsy] [    Test worker] com.zaxxer.hikari.HikariDataSource       : HikariPool-1 - Starting...
2025-06-19T15:19:24.624+09:00  INFO 23986 --- [helppsy] [    Test worker] com.zaxxer.hikari.pool.HikariPool        : HikariPool-1 - Added connection org.mariadb.jdbc.Connection@70777a65
2025-06-19T15:19:24.625+09:00  INFO 23986 --- [helppsy] [    Test worker] com.zaxxer.hikari.HikariDataSource       : HikariPool-1 - Start completed.
2025-06-19T15:19:24.653+09:00  INFO 23986 --- [helppsy] [    Test worker] org.hibernate.orm.connections.pooling    : HHH10001005: Database info:
	Database JDBC URL [Connecting through datasource 'HikariDataSource (HikariPool-1)']
	Database driver: undefined/unknown
	Database version: 11.7.2
	Autocommit mode: undefined/unknown
	Isolation level: undefined/unknown
	Minimum pool size: undefined/unknown
	Maximum pool size: undefined/unknown
2025-06-19T15:19:25.166+09:00  INFO 23986 --- [helppsy] [    Test worker] o.h.e.t.j.p.i.JtaPlatformInitiator       : HHH000489: No JTA platform available (set 'hibernate.transaction.jta.platform' to enable JTA platform integration)
2025-06-19T15:19:25.213+09:00  INFO 23986 --- [helppsy] [    Test worker] j.LocalContainerEntityManagerFactoryBean : Initialized JPA EntityManagerFactory for persistence unit 'default'
2025-06-19T15:19:25.721+09:00  INFO 23986 --- [helppsy] [    Test worker] c.cai.helppsy.HelppsyApplicationTests    : Started HelppsyApplicationTests in 1.925 seconds (process running for 2.402)
]]></system-out>
  <system-err><![CDATA[]]></system-err>
</testsuite>
